Arguments: 
  /usr/local/bin/node /usr/local/bin/yarn -g http-server

PATH: 
  /usr/local/sbin:/usr/local/opt/icu4c/sbin:/usr/local/opt/icu4c/bin:/usr/local/opt/gettext/bin:/usr/local/opt/apr/bin:/usr/local/opt/apr-util/bin:/Library/Frameworks/Python.framework/Versions/2.7/bin:/Library/Frameworks/Python.framework/Versions/3.6/bin:/usr/local/bin:/usr/bin:/bin:/usr/sbin:/sbin

Yarn version: 
  1.7.0

Node version: 
  11.2.0

Platform: 
  darwin x64

Trace: 
  SyntaxError: /Users/ylTsang/Downloads/echarts/package.json: Unexpected token : in JSON at position 10
      at JSON.parse (<anonymous>)
      at /usr/local/lib/node_modules/yarn/lib/cli.js:1130:59
      at Generator.next (<anonymous>)
      at step (/usr/local/lib/node_modules/yarn/lib/cli.js:98:30)
      at /usr/local/lib/node_modules/yarn/lib/cli.js:109:13

npm manifest: 
  "scripts": {
       "start": "http-server -a 0.0.0.0 -p 8000",
   }

yarn manifest: 
  No manifest

Lockfile: 
  No lockfile
